{"/Users/liuguichi/code/javascript/wx-js-sdk/src/wechat.ts": {"path":"/Users/liuguichi/code/javascript/wx-js-sdk/src/wechat.ts","statementMap":{"0":{"start":{"line":8,"column":2},"end":{"line":12,"column":5}},"1":{"start":{"line":9,"column":4},"end":{"line":9,"column":27}},"2":{"start":{"line":10,"column":4},"end":{"line":10,"column":29}},"3":{"start":{"line":11,"column":4},"end":{"line":11,"column":28}},"4":{"start":{"line":7,"column":0},"end":{"line":7,"column":16}},"5":{"start":{"line":16,"column":2},"end":{"line":22,"column":5}},"6":{"start":{"line":17,"column":4},"end":{"line":21,"column":7}},"7":{"start":{"line":15,"column":0},"end":{"line":15,"column":16}},"8":{"start":{"line":26,"column":2},"end":{"line":32,"column":5}},"9":{"start":{"line":27,"column":4},"end":{"line":31,"column":7}},"10":{"start":{"line":25,"column":0},"end":{"line":25,"column":16}},"11":{"start":{"line":36,"column":2},"end":{"line":42,"column":5}},"12":{"start":{"line":37,"column":4},"end":{"line":41,"column":7}},"13":{"start":{"line":35,"column":0},"end":{"line":35,"column":16}}},"fnMap":{"0":{"name":"initJssdk","decl":{"start":{"line":7,"column":16},"end":{"line":7,"column":25}},"loc":{"start":{"line":7,"column":45},"end":{"line":13,"column":1}}},"1":{"name":"(anonymous_1)","decl":{"start":{"line":8,"column":21},"end":{"line":8,"column":22}},"loc":{"start":{"line":8,"column":41},"end":{"line":12,"column":3}}},"2":{"name":"checkJsApi","decl":{"start":{"line":15,"column":16},"end":{"line":15,"column":26}},"loc":{"start":{"line":15,"column":50},"end":{"line":23,"column":1}}},"3":{"name":"(anonymous_3)","decl":{"start":{"line":16,"column":21},"end":{"line":16,"column":22}},"loc":{"start":{"line":16,"column":41},"end":{"line":22,"column":3}}},"4":{"name":"pay","decl":{"start":{"line":25,"column":16},"end":{"line":25,"column":19}},"loc":{"start":{"line":25,"column":38},"end":{"line":33,"column":1}}},"5":{"name":"(anonymous_5)","decl":{"start":{"line":26,"column":21},"end":{"line":26,"column":22}},"loc":{"start":{"line":26,"column":41},"end":{"line":32,"column":3}}},"6":{"name":"scanQRCode","decl":{"start":{"line":35,"column":16},"end":{"line":35,"column":26}},"loc":{"start":{"line":35,"column":50},"end":{"line":43,"column":1}}},"7":{"name":"(anonymous_7)","decl":{"start":{"line":36,"column":21},"end":{"line":36,"column":22}},"loc":{"start":{"line":36,"column":41},"end":{"line":42,"column":3}}}},"branchMap":{},"s":{"0":2,"1":2,"2":2,"3":2,"4":1,"5":2,"6":2,"7":1,"8":2,"9":2,"10":1,"11":2,"12":2,"13":1},"f":{"0":2,"1":2,"2":2,"3":2,"4":2,"5":2,"6":2,"7":2},"b":{}}
}
