TN:
SF:/Users/liuguichi/code/javascript/wx-js-sdk/src/wechat.ts
FN:7,initJssdk
FN:8,(anonymous_1)
FN:15,checkJsApi
FN:16,(anonymous_3)
FN:25,pay
FN:26,(anonymous_5)
FN:35,scanQRCode
FN:36,(anonymous_7)
FNF:8
FNH:8
FNDA:2,initJssdk
FNDA:2,(anonymous_1)
FNDA:2,checkJsApi
FNDA:2,(anonymous_3)
FNDA:2,pay
FNDA:2,(anonymous_5)
FNDA:2,scanQRCode
FNDA:2,(anonymous_7)
DA:7,1
DA:8,2
DA:9,2
DA:10,2
DA:11,2
DA:15,1
DA:16,2
DA:17,2
DA:25,1
DA:26,2
DA:27,2
DA:35,1
DA:36,2
DA:37,2
LF:14
LH:14
BRF:0
BRH:0
end_of_record
